2024-07-10 14:19:17,740 INFO Set uid to user 0 succeeded
2024-07-10 14:19:17,771 CRIT Server 'unix_http_server' running without any HTTP authentication checking
2024-07-10 14:19:17,776 INFO supervisord started with pid 1
2024-07-10 14:19:18,841 INFO spawned: 'nginx' with pid 17
2024-07-10 14:19:18,863 INFO spawned: 'php-fpm' with pid 18
2024-07-10 14:19:20,795 INFO success: nginx entered RUNNING state, process has stayed up for > than 1 seconds (startsecs)
2024-07-10 14:19:20,796 INFO success: php-fpm entered RUNNING state, process has stayed up for > than 1 seconds (startsecs)
2024-07-10 14:28:13,814 INFO reaped unknown pid 28 (exit status 0)
2024-07-10 14:28:22,833 WARN received SIGQUIT indicating exit request
2024-07-10 14:28:22,834 INFO waiting for nginx, php-fpm to die
2024-07-10 14:28:22,842 INFO stopped: php-fpm (exit status 0)
2024-07-10 14:28:22,939 INFO stopped: nginx (exit status 0)
2024-07-10 14:29:00,620 INFO Set uid to user 0 succeeded
2024-07-10 14:29:00,633 CRIT Server 'unix_http_server' running without any HTTP authentication checking
2024-07-10 14:29:00,635 INFO supervisord started with pid 1
2024-07-10 14:29:01,644 INFO spawned: 'nginx' with pid 16
2024-07-10 14:29:01,657 INFO spawned: 'php-fpm' with pid 17
2024-07-10 14:29:02,690 INFO success: nginx entered RUNNING state, process has stayed up for > than 1 seconds (startsecs)
2024-07-10 14:29:02,690 INFO success: php-fpm entered RUNNING state, process has stayed up for > than 1 seconds (startsecs)
2024-07-10 14:31:25,027 WARN received SIGQUIT indicating exit request
2024-07-10 14:31:25,028 INFO waiting for nginx, php-fpm to die
2024-07-10 14:31:25,035 INFO stopped: php-fpm (exit status 0)
2024-07-10 14:31:25,208 INFO stopped: nginx (exit status 0)
2024-07-10 14:31:42,929 INFO Set uid to user 0 succeeded
2024-07-10 14:31:42,934 CRIT Server 'unix_http_server' running without any HTTP authentication checking
2024-07-10 14:31:42,937 INFO supervisord started with pid 1
2024-07-10 14:31:43,941 INFO spawned: 'nginx' with pid 9
2024-07-10 14:31:43,944 INFO spawned: 'php-fpm' with pid 10
2024-07-10 14:31:44,977 INFO success: nginx entered RUNNING state, process has stayed up for > than 1 seconds (startsecs)
2024-07-10 14:31:44,978 INFO success: php-fpm entered RUNNING state, process has stayed up for > than 1 seconds (startsecs)
2024-07-10 14:36:17,528 INFO reaped unknown pid 32 (exit status 0)
2024-07-10 14:36:52,575 INFO reaped unknown pid 34 (exit status 0)
2024-07-10 14:56:49,078 WARN received SIGQUIT indicating exit request
2024-07-10 14:56:49,079 INFO waiting for nginx, php-fpm to die
2024-07-10 14:56:49,086 INFO stopped: php-fpm (exit status 0)
2024-07-10 14:56:49,197 INFO stopped: nginx (exit status 0)
2024-07-10 14:58:20,757 INFO Set uid to user 0 succeeded
2024-07-10 14:58:20,781 CRIT Server 'unix_http_server' running without any HTTP authentication checking
2024-07-10 14:58:20,789 INFO supervisord started with pid 1
2024-07-10 14:58:21,803 INFO spawned: 'nginx' with pid 15
2024-07-10 14:58:21,889 INFO spawned: 'php-fpm' with pid 16
2024-07-10 14:58:23,196 INFO success: nginx entered RUNNING state, process has stayed up for > than 1 seconds (startsecs)
2024-07-10 14:58:23,197 INFO success: php-fpm entered RUNNING state, process has stayed up for > than 1 seconds (startsecs)
2024-07-10 15:05:12,390 WARN received SIGQUIT indicating exit request
2024-07-10 15:05:12,391 INFO waiting for nginx, php-fpm to die
2024-07-10 15:05:12,397 INFO stopped: php-fpm (exit status 0)
2024-07-10 15:05:12,516 INFO stopped: nginx (exit status 0)
2024-07-10 15:06:36,698 INFO Set uid to user 0 succeeded
2024-07-10 15:06:36,703 CRIT Server 'unix_http_server' running without any HTTP authentication checking
2024-07-10 15:06:36,706 INFO supervisord started with pid 1
2024-07-10 15:06:37,709 INFO spawned: 'nginx' with pid 8
2024-07-10 15:06:37,711 INFO spawned: 'php-fpm' with pid 9
2024-07-10 15:06:38,737 INFO success: nginx entered RUNNING state, process has stayed up for > than 1 seconds (startsecs)
2024-07-10 15:06:38,738 INFO success: php-fpm entered RUNNING state, process has stayed up for > than 1 seconds (startsecs)
2024-07-10 15:08:58,363 WARN received SIGQUIT indicating exit request
2024-07-10 15:08:58,364 INFO waiting for nginx, php-fpm to die
2024-07-10 15:08:58,373 INFO stopped: php-fpm (exit status 0)
2024-07-10 15:08:58,545 INFO stopped: nginx (exit status 0)
2024-07-10 15:15:32,761 INFO Set uid to user 0 succeeded
2024-07-10 15:15:32,781 CRIT Server 'unix_http_server' running without any HTTP authentication checking
2024-07-10 15:15:32,791 INFO supervisord started with pid 1
2024-07-10 15:15:33,797 INFO spawned: 'nginx' with pid 16
2024-07-10 15:15:33,821 INFO spawned: 'php-fpm' with pid 17
2024-07-10 15:15:34,918 INFO success: nginx entered RUNNING state, process has stayed up for > than 1 seconds (startsecs)
2024-07-10 15:15:34,924 INFO success: php-fpm entered RUNNING state, process has stayed up for > than 1 seconds (startsecs)
2024-07-10 16:02:53,722 WARN received SIGQUIT indicating exit request
2024-07-10 16:02:53,725 INFO waiting for nginx, php-fpm to die
2024-07-10 16:02:53,749 INFO stopped: php-fpm (exit status 0)
2024-07-10 16:02:53,853 INFO stopped: nginx (exit status 0)
2024-07-10 16:03:15,758 INFO Set uid to user 0 succeeded
2024-07-10 16:03:15,768 CRIT Server 'unix_http_server' running without any HTTP authentication checking
2024-07-10 16:03:15,772 INFO supervisord started with pid 1
2024-07-10 16:03:16,778 INFO spawned: 'nginx' with pid 10
2024-07-10 16:03:16,801 INFO spawned: 'php-fpm' with pid 11
2024-07-10 16:03:17,861 INFO success: nginx entered RUNNING state, process has stayed up for > than 1 seconds (startsecs)
2024-07-10 16:03:17,862 INFO success: php-fpm entered RUNNING state, process has stayed up for > than 1 seconds (startsecs)
2024-07-10 16:03:55,175 WARN received SIGQUIT indicating exit request
2024-07-10 16:03:55,177 INFO waiting for nginx, php-fpm to die
2024-07-10 16:03:55,188 INFO stopped: php-fpm (exit status 0)
2024-07-10 16:03:55,344 INFO stopped: nginx (exit status 0)
2024-07-10 16:04:14,607 INFO Set uid to user 0 succeeded
2024-07-10 16:04:14,611 CRIT Server 'unix_http_server' running without any HTTP authentication checking
2024-07-10 16:04:14,614 INFO supervisord started with pid 1
2024-07-10 16:04:15,619 INFO spawned: 'nginx' with pid 9
2024-07-10 16:04:15,626 INFO spawned: 'php-fpm' with pid 10
2024-07-10 16:04:16,661 INFO success: nginx entered RUNNING state, process has stayed up for > than 1 seconds (startsecs)
2024-07-10 16:04:16,661 INFO success: php-fpm entered RUNNING state, process has stayed up for > than 1 seconds (startsecs)
2024-07-10 17:19:39,111 WARN received SIGQUIT indicating exit request
2024-07-10 17:19:39,116 INFO waiting for nginx, php-fpm to die
2024-07-10 17:19:39,150 INFO stopped: php-fpm (exit status 0)
2024-07-10 17:19:39,361 INFO stopped: nginx (exit status 0)
2024-07-10 17:20:11,777 INFO Set uid to user 0 succeeded
2024-07-10 17:20:11,789 CRIT Server 'unix_http_server' running without any HTTP authentication checking
2024-07-10 17:20:11,791 INFO supervisord started with pid 1
2024-07-10 17:20:12,795 INFO spawned: 'nginx' with pid 16
2024-07-10 17:20:12,805 INFO spawned: 'php-fpm' with pid 17
2024-07-10 17:20:13,861 INFO success: nginx entered RUNNING state, process has stayed up for > than 1 seconds (startsecs)
2024-07-10 17:20:13,861 INFO success: php-fpm entered RUNNING state, process has stayed up for > than 1 seconds (startsecs)
2024-07-10 17:26:14,600 WARN received SIGQUIT indicating exit request
2024-07-10 17:26:14,601 INFO waiting for nginx, php-fpm to die
2024-07-10 17:26:15,611 INFO stopped: php-fpm (exit status 0)
2024-07-10 17:26:15,800 INFO stopped: nginx (exit status 0)
2024-07-10 17:26:35,408 INFO Set uid to user 0 succeeded
2024-07-10 17:26:35,416 CRIT Server 'unix_http_server' running without any HTTP authentication checking
2024-07-10 17:26:35,419 INFO supervisord started with pid 1
2024-07-10 17:26:36,423 INFO spawned: 'nginx' with pid 10
2024-07-10 17:26:36,431 INFO spawned: 'php-fpm' with pid 11
2024-07-10 17:26:37,461 INFO success: nginx entered RUNNING state, process has stayed up for > than 1 seconds (startsecs)
2024-07-10 17:26:37,461 INFO success: php-fpm entered RUNNING state, process has stayed up for > than 1 seconds (startsecs)
2024-07-16 15:42:30,923 INFO Set uid to user 0 succeeded
2024-07-16 15:42:31,261 CRIT Server 'unix_http_server' running without any HTTP authentication checking
2024-07-16 15:42:31,273 INFO supervisord started with pid 1
2024-07-16 15:42:32,277 INFO spawned: 'nginx' with pid 14
2024-07-16 15:42:32,279 INFO spawned: 'php-fpm' with pid 15
2024-07-16 15:42:33,575 INFO success: nginx entered RUNNING state, process has stayed up for > than 1 seconds (startsecs)
2024-07-16 15:42:33,575 INFO success: php-fpm entered RUNNING state, process has stayed up for > than 1 seconds (startsecs)
2024-07-16 15:57:07,382 WARN received SIGQUIT indicating exit request
2024-07-16 15:57:07,385 INFO waiting for nginx, php-fpm to die
2024-07-16 15:57:07,435 INFO stopped: php-fpm (exit status 0)
2024-07-16 15:57:07,552 INFO stopped: nginx (exit status 0)
2024-07-16 15:57:33,421 INFO Set uid to user 0 succeeded
2024-07-16 15:57:33,431 CRIT Server 'unix_http_server' running without any HTTP authentication checking
2024-07-16 15:57:33,437 INFO supervisord started with pid 1
2024-07-16 15:57:34,441 INFO spawned: 'nginx' with pid 9
2024-07-16 15:57:34,448 INFO spawned: 'php-fpm' with pid 10
2024-07-16 15:57:35,562 INFO success: nginx entered RUNNING state, process has stayed up for > than 1 seconds (startsecs)
2024-07-16 15:57:35,563 INFO success: php-fpm entered RUNNING state, process has stayed up for > than 1 seconds (startsecs)
2024-07-16 16:02:35,782 WARN received SIGQUIT indicating exit request
2024-07-16 16:02:35,785 INFO waiting for nginx, php-fpm to die
2024-07-16 16:02:35,815 INFO stopped: php-fpm (exit status 0)
2024-07-16 16:02:35,937 INFO stopped: nginx (exit status 0)
2024-07-16 16:02:55,052 INFO Set uid to user 0 succeeded
2024-07-16 16:02:55,058 CRIT Server 'unix_http_server' running without any HTTP authentication checking
2024-07-16 16:02:55,063 INFO supervisord started with pid 1
2024-07-16 16:02:56,069 INFO spawned: 'nginx' with pid 9
2024-07-16 16:02:56,078 INFO spawned: 'php-fpm' with pid 10
2024-07-16 16:02:57,236 INFO success: nginx entered RUNNING state, process has stayed up for > than 1 seconds (startsecs)
2024-07-16 16:02:57,236 INFO success: php-fpm entered RUNNING state, process has stayed up for > than 1 seconds (startsecs)
2024-07-16 16:05:35,483 WARN received SIGQUIT indicating exit request
2024-07-16 16:05:35,485 INFO waiting for nginx, php-fpm to die
2024-07-16 16:05:35,508 INFO stopped: php-fpm (exit status 0)
2024-07-16 16:05:35,605 INFO stopped: nginx (exit status 0)
2024-07-16 16:09:06,678 INFO Set uid to user 0 succeeded
2024-07-16 16:09:06,691 CRIT Server 'unix_http_server' running without any HTTP authentication checking
2024-07-16 16:09:06,699 INFO supervisord started with pid 1
2024-07-16 16:09:07,703 INFO spawned: 'nginx' with pid 9
2024-07-16 16:09:07,708 INFO spawned: 'php-fpm' with pid 10
2024-07-16 16:09:08,760 INFO success: nginx entered RUNNING state, process has stayed up for > than 1 seconds (startsecs)
2024-07-16 16:09:08,761 INFO success: php-fpm entered RUNNING state, process has stayed up for > than 1 seconds (startsecs)
2024-07-17 01:19:20,182 WARN received SIGQUIT indicating exit request
2024-07-17 01:19:20,201 INFO waiting for nginx, php-fpm to die
2024-07-17 01:19:20,306 INFO stopped: php-fpm (exit status 0)
2024-07-17 01:19:20,449 INFO stopped: nginx (exit status 0)
2024-07-17 01:21:39,376 INFO Set uid to user 0 succeeded
2024-07-17 01:21:39,392 CRIT Server 'unix_http_server' running without any HTTP authentication checking
2024-07-17 01:21:39,395 INFO supervisord started with pid 1
2024-07-17 01:21:40,404 INFO spawned: 'nginx' with pid 9
2024-07-17 01:21:40,410 INFO spawned: 'php-fpm' with pid 10
2024-07-17 01:21:41,619 INFO success: nginx entered RUNNING state, process has stayed up for > than 1 seconds (startsecs)
2024-07-17 01:21:41,619 INFO success: php-fpm entered RUNNING state, process has stayed up for > than 1 seconds (startsecs)
2024-07-17 01:26:03,258 INFO Set uid to user 0 succeeded
2024-07-17 01:26:03,276 CRIT Server 'unix_http_server' running without any HTTP authentication checking
2024-07-17 01:26:03,286 INFO supervisord started with pid 1
2024-07-17 01:26:04,290 INFO spawned: 'nginx' with pid 9
2024-07-17 01:26:04,305 INFO spawned: 'php-fpm' with pid 10
2024-07-17 01:26:05,605 INFO success: nginx entered RUNNING state, process has stayed up for > than 1 seconds (startsecs)
2024-07-17 01:26:05,606 INFO success: php-fpm entered RUNNING state, process has stayed up for > than 1 seconds (startsecs)
2024-07-17 02:01:39,000 WARN received SIGQUIT indicating exit request
2024-07-17 02:01:39,007 INFO waiting for nginx, php-fpm to die
2024-07-17 02:01:39,038 INFO stopped: php-fpm (exit status 0)
2024-07-17 02:01:39,222 INFO stopped: nginx (exit status 0)
2024-07-17 02:01:54,179 INFO Set uid to user 0 succeeded
2024-07-17 02:01:54,185 CRIT Server 'unix_http_server' running without any HTTP authentication checking
2024-07-17 02:01:54,188 INFO supervisord started with pid 1
2024-07-17 02:01:55,191 INFO spawned: 'nginx' with pid 9
2024-07-17 02:01:55,195 INFO spawned: 'php-fpm' with pid 10
2024-07-17 02:01:56,241 INFO success: nginx entered RUNNING state, process has stayed up for > than 1 seconds (startsecs)
2024-07-17 02:01:56,241 INFO success: php-fpm entered RUNNING state, process has stayed up for > than 1 seconds (startsecs)
2024-07-17 02:12:59,795 WARN received SIGQUIT indicating exit request
2024-07-17 02:12:59,796 INFO waiting for nginx, php-fpm to die
2024-07-17 02:12:59,803 INFO stopped: php-fpm (exit status 0)
2024-07-17 02:12:59,925 INFO stopped: nginx (exit status 0)
2024-07-17 02:13:11,822 INFO Set uid to user 0 succeeded
2024-07-17 02:13:11,828 CRIT Server 'unix_http_server' running without any HTTP authentication checking
2024-07-17 02:13:11,832 INFO supervisord started with pid 1
2024-07-17 02:13:12,841 INFO spawned: 'nginx' with pid 9
2024-07-17 02:13:12,847 INFO spawned: 'php-fpm' with pid 10
2024-07-17 02:13:13,879 INFO success: nginx entered RUNNING state, process has stayed up for > than 1 seconds (startsecs)
2024-07-17 02:13:13,879 INFO success: php-fpm entered RUNNING state, process has stayed up for > than 1 seconds (startsecs)
2024-07-17 02:20:40,766 WARN received SIGQUIT indicating exit request
2024-07-17 02:20:40,767 INFO waiting for nginx, php-fpm to die
2024-07-17 02:20:40,775 INFO stopped: php-fpm (exit status 0)
2024-07-17 02:20:40,891 INFO stopped: nginx (exit status 0)
2024-07-17 02:20:53,506 INFO Set uid to user 0 succeeded
2024-07-17 02:20:53,511 CRIT Server 'unix_http_server' running without any HTTP authentication checking
2024-07-17 02:20:53,514 INFO supervisord started with pid 1
2024-07-17 02:20:54,517 INFO spawned: 'nginx' with pid 9
2024-07-17 02:20:54,520 INFO spawned: 'php-fpm' with pid 10
2024-07-17 02:20:55,557 INFO success: nginx entered RUNNING state, process has stayed up for > than 1 seconds (startsecs)
2024-07-17 02:20:55,557 INFO success: php-fpm entered RUNNING state, process has stayed up for > than 1 seconds (startsecs)
2024-07-17 03:52:21,292 WARN received SIGQUIT indicating exit request
2024-07-17 03:52:21,315 INFO waiting for nginx, php-fpm to die
2024-07-17 03:52:21,470 INFO stopped: php-fpm (exit status 0)
2024-07-17 03:52:21,643 INFO stopped: nginx (exit status 0)
2024-07-17 13:42:20,854 INFO Set uid to user 0 succeeded
2024-07-17 13:42:20,866 CRIT Server 'unix_http_server' running without any HTTP authentication checking
2024-07-17 13:42:20,868 INFO supervisord started with pid 1
2024-07-17 13:42:21,871 INFO spawned: 'nginx' with pid 9
2024-07-17 13:42:21,872 INFO spawned: 'php-fpm' with pid 10
2024-07-17 13:42:23,101 INFO success: nginx entered RUNNING state, process has stayed up for > than 1 seconds (startsecs)
2024-07-17 13:42:23,102 INFO success: php-fpm entered RUNNING state, process has stayed up for > than 1 seconds (startsecs)
2024-07-17 13:44:26,083 WARN received SIGQUIT indicating exit request
2024-07-17 13:44:26,084 INFO waiting for nginx, php-fpm to die
2024-07-17 13:44:26,102 INFO stopped: php-fpm (exit status 0)
2024-07-17 13:44:26,256 INFO stopped: nginx (exit status 0)
2024-07-17 13:48:41,594 INFO Set uid to user 0 succeeded
2024-07-17 13:48:41,600 CRIT Server 'unix_http_server' running without any HTTP authentication checking
2024-07-17 13:48:41,602 INFO supervisord started with pid 1
2024-07-17 13:48:42,605 INFO spawned: 'nginx' with pid 9
2024-07-17 13:48:42,606 INFO spawned: 'php-fpm' with pid 10
2024-07-17 13:48:43,635 INFO success: nginx entered RUNNING state, process has stayed up for > than 1 seconds (startsecs)
2024-07-17 13:48:43,636 INFO success: php-fpm entered RUNNING state, process has stayed up for > than 1 seconds (startsecs)
2024-07-17 15:04:30,111 WARN received SIGQUIT indicating exit request
2024-07-17 15:04:30,117 INFO waiting for nginx, php-fpm to die
2024-07-17 15:04:30,161 INFO stopped: php-fpm (exit status 0)
2024-07-17 15:04:31,311 INFO stopped: nginx (exit status 0)
2024-07-17 15:04:45,724 INFO Set uid to user 0 succeeded
2024-07-17 15:04:45,731 CRIT Server 'unix_http_server' running without any HTTP authentication checking
2024-07-17 15:04:45,734 INFO supervisord started with pid 1
2024-07-17 15:04:46,741 INFO spawned: 'nginx' with pid 10
2024-07-17 15:04:46,748 INFO spawned: 'php-fpm' with pid 11
2024-07-17 15:04:47,816 INFO success: nginx entered RUNNING state, process has stayed up for > than 1 seconds (startsecs)
2024-07-17 15:04:47,817 INFO success: php-fpm entered RUNNING state, process has stayed up for > than 1 seconds (startsecs)
2024-07-17 15:07:27,336 WARN received SIGQUIT indicating exit request
2024-07-17 15:07:27,337 INFO waiting for nginx, php-fpm to die
2024-07-17 15:07:27,344 INFO stopped: php-fpm (exit status 0)
2024-07-17 15:07:27,461 INFO stopped: nginx (exit status 0)
2024-07-17 15:07:39,865 INFO Set uid to user 0 succeeded
2024-07-17 15:07:39,870 CRIT Server 'unix_http_server' running without any HTTP authentication checking
2024-07-17 15:07:39,872 INFO supervisord started with pid 1
2024-07-17 15:07:40,877 INFO spawned: 'nginx' with pid 9
2024-07-17 15:07:40,893 INFO spawned: 'php-fpm' with pid 10
2024-07-17 15:07:41,929 INFO success: nginx entered RUNNING state, process has stayed up for > than 1 seconds (startsecs)
2024-07-17 15:07:41,930 INFO success: php-fpm entered RUNNING state, process has stayed up for > than 1 seconds (startsecs)
2024-07-17 16:02:43,533 WARN received SIGQUIT indicating exit request
2024-07-17 16:02:43,546 INFO waiting for nginx, php-fpm to die
2024-07-17 16:02:43,601 INFO stopped: php-fpm (exit status 0)
2024-07-17 16:02:44,794 INFO stopped: nginx (exit status 0)
2024-07-17 16:02:57,777 INFO Set uid to user 0 succeeded
2024-07-17 16:02:57,787 CRIT Server 'unix_http_server' running without any HTTP authentication checking
2024-07-17 16:02:57,791 INFO supervisord started with pid 1
2024-07-17 16:02:58,795 INFO spawned: 'nginx' with pid 15
2024-07-17 16:02:58,800 INFO spawned: 'php-fpm' with pid 16
2024-07-17 16:02:59,878 INFO success: nginx entered RUNNING state, process has stayed up for > than 1 seconds (startsecs)
2024-07-17 16:02:59,878 INFO success: php-fpm entered RUNNING state, process has stayed up for > than 1 seconds (startsecs)
2024-07-17 20:43:33,567 WARN received SIGQUIT indicating exit request
2024-07-17 20:43:33,596 INFO waiting for nginx, php-fpm to die
2024-07-17 20:43:33,669 INFO stopped: php-fpm (exit status 0)
2024-07-17 20:43:34,781 INFO stopped: nginx (exit status 0)
2024-07-17 20:43:51,463 INFO Set uid to user 0 succeeded
2024-07-17 20:43:51,478 CRIT Server 'unix_http_server' running without any HTTP authentication checking
2024-07-17 20:43:51,481 INFO supervisord started with pid 1
2024-07-17 20:43:52,485 INFO spawned: 'nginx' with pid 15
2024-07-17 20:43:52,490 INFO spawned: 'php-fpm' with pid 16
2024-07-17 20:43:53,589 INFO success: nginx entered RUNNING state, process has stayed up for > than 1 seconds (startsecs)
2024-07-17 20:43:53,590 INFO success: php-fpm entered RUNNING state, process has stayed up for > than 1 seconds (startsecs)
2024-07-17 20:50:22,478 WARN received SIGQUIT indicating exit request
2024-07-17 20:50:22,479 INFO waiting for nginx, php-fpm to die
2024-07-17 20:50:22,486 INFO stopped: php-fpm (exit status 0)
2024-07-17 20:50:22,613 INFO stopped: nginx (exit status 0)
2024-07-17 20:50:36,484 INFO Set uid to user 0 succeeded
2024-07-17 20:50:36,491 CRIT Server 'unix_http_server' running without any HTTP authentication checking
2024-07-17 20:50:36,494 INFO supervisord started with pid 1
2024-07-17 20:50:37,506 INFO spawned: 'nginx' with pid 15
2024-07-17 20:50:37,514 INFO spawned: 'php-fpm' with pid 16
2024-07-17 20:50:38,551 INFO success: nginx entered RUNNING state, process has stayed up for > than 1 seconds (startsecs)
2024-07-17 20:50:38,552 INFO success: php-fpm entered RUNNING state, process has stayed up for > than 1 seconds (startsecs)
2024-07-17 20:54:03,786 WARN received SIGQUIT indicating exit request
2024-07-17 20:54:03,788 INFO waiting for nginx, php-fpm to die
2024-07-17 20:54:03,799 INFO stopped: php-fpm (exit status 0)
2024-07-17 20:54:03,911 INFO stopped: nginx (exit status 0)
2024-07-17 20:54:18,373 INFO Set uid to user 0 succeeded
2024-07-17 20:54:18,378 CRIT Server 'unix_http_server' running without any HTTP authentication checking
2024-07-17 20:54:18,381 INFO supervisord started with pid 1
2024-07-17 20:54:19,384 INFO spawned: 'nginx' with pid 10
2024-07-17 20:54:19,390 INFO spawned: 'php-fpm' with pid 11
2024-07-17 20:54:20,419 INFO success: nginx entered RUNNING state, process has stayed up for > than 1 seconds (startsecs)
2024-07-17 20:54:20,419 INFO success: php-fpm entered RUNNING state, process has stayed up for > than 1 seconds (startsecs)
2024-07-17 20:56:31,733 WARN received SIGQUIT indicating exit request
2024-07-17 20:56:31,736 INFO waiting for nginx, php-fpm to die
2024-07-17 20:56:31,758 INFO stopped: php-fpm (exit status 0)
2024-07-17 20:56:31,881 INFO stopped: nginx (exit status 0)
2024-07-17 20:56:48,543 INFO Set uid to user 0 succeeded
2024-07-17 20:56:48,553 CRIT Server 'unix_http_server' running without any HTTP authentication checking
2024-07-17 20:56:48,556 INFO supervisord started with pid 1
2024-07-17 20:56:49,559 INFO spawned: 'nginx' with pid 9
2024-07-17 20:56:49,561 INFO spawned: 'php-fpm' with pid 10
2024-07-17 20:56:50,594 INFO success: nginx entered RUNNING state, process has stayed up for > than 1 seconds (startsecs)
2024-07-17 20:56:50,595 INFO success: php-fpm entered RUNNING state, process has stayed up for > than 1 seconds (startsecs)
2024-07-17 20:58:24,212 WARN received SIGQUIT indicating exit request
2024-07-17 20:58:24,213 INFO waiting for nginx, php-fpm to die
2024-07-17 20:58:24,221 INFO stopped: php-fpm (exit status 0)
2024-07-17 20:58:24,329 INFO stopped: nginx (exit status 0)
2024-07-17 21:00:25,492 INFO Set uid to user 0 succeeded
2024-07-17 21:00:25,505 CRIT Server 'unix_http_server' running without any HTTP authentication checking
2024-07-17 21:00:25,508 INFO supervisord started with pid 1
2024-07-17 21:00:26,513 INFO spawned: 'nginx' with pid 9
2024-07-17 21:00:26,528 INFO spawned: 'php-fpm' with pid 10
2024-07-17 21:00:27,880 INFO success: nginx entered RUNNING state, process has stayed up for > than 1 seconds (startsecs)
2024-07-17 21:00:27,880 INFO success: php-fpm entered RUNNING state, process has stayed up for > than 1 seconds (startsecs)
2024-07-17 21:03:54,992 WARN received SIGQUIT indicating exit request
2024-07-17 21:03:54,995 INFO waiting for nginx, php-fpm to die
2024-07-17 21:03:55,022 INFO stopped: php-fpm (exit status 0)
2024-07-17 21:03:55,148 INFO stopped: nginx (exit status 0)
2024-07-17 21:04:25,803 INFO Set uid to user 0 succeeded
2024-07-17 21:04:25,808 CRIT Server 'unix_http_server' running without any HTTP authentication checking
2024-07-17 21:04:25,810 INFO supervisord started with pid 1
2024-07-17 21:04:26,817 INFO spawned: 'nginx' with pid 16
2024-07-17 21:04:26,825 INFO spawned: 'php-fpm' with pid 17
2024-07-17 21:04:27,866 INFO success: nginx entered RUNNING state, process has stayed up for > than 1 seconds (startsecs)
2024-07-17 21:04:27,867 INFO success: php-fpm entered RUNNING state, process has stayed up for > than 1 seconds (startsecs)
2024-07-17 21:31:36,315 WARN received SIGQUIT indicating exit request
2024-07-17 21:31:36,316 INFO waiting for nginx, php-fpm to die
2024-07-17 21:31:36,322 INFO stopped: php-fpm (exit status 0)
2024-07-17 21:31:36,441 INFO stopped: nginx (exit status 0)
2024-07-17 21:31:51,499 INFO Set uid to user 0 succeeded
2024-07-17 21:31:51,504 CRIT Server 'unix_http_server' running without any HTTP authentication checking
2024-07-17 21:31:51,507 INFO supervisord started with pid 1
2024-07-17 21:31:52,510 INFO spawned: 'nginx' with pid 16
2024-07-17 21:31:52,513 INFO spawned: 'php-fpm' with pid 17
2024-07-17 21:31:53,545 INFO success: nginx entered RUNNING state, process has stayed up for > than 1 seconds (startsecs)
2024-07-17 21:31:53,545 INFO success: php-fpm entered RUNNING state, process has stayed up for > than 1 seconds (startsecs)
2024-07-17 21:41:41,770 WARN received SIGQUIT indicating exit request
2024-07-17 21:41:41,770 INFO waiting for nginx, php-fpm to die
2024-07-17 21:41:41,778 INFO stopped: php-fpm (exit status 0)
2024-07-17 21:41:41,896 INFO stopped: nginx (exit status 0)
2024-07-17 21:41:58,063 INFO Set uid to user 0 succeeded
2024-07-17 21:41:58,069 CRIT Server 'unix_http_server' running without any HTTP authentication checking
2024-07-17 21:41:58,071 INFO supervisord started with pid 1
2024-07-17 21:41:59,074 INFO spawned: 'nginx' with pid 15
2024-07-17 21:41:59,077 INFO spawned: 'php-fpm' with pid 16
2024-07-17 21:42:00,104 INFO success: nginx entered RUNNING state, process has stayed up for > than 1 seconds (startsecs)
2024-07-17 21:42:00,104 INFO success: php-fpm entered RUNNING state, process has stayed up for > than 1 seconds (startsecs)
